DB connect: ok

1 - 1 | http://brain.com.ua/static/images/prod_img/7/7/22077_big.jpg ... ok
2 - 2 | http://brain.com.ua/static/images/prod_img/5/0/10750_big.jpg ... ok
3 - 3 | http://brain.com.ua/static/images/prod_img/6/2/26662_big.jpg ... ok
4 - 4 | http://brain.com.ua/static/images/prod_img/2/7/K0002027_big.jpg ... ok
5 - 5 | http://brain.com.ua/static/images/prod_img/6/2/K0003462_big.jpg ... ok
6 - 6 | http://brain.com.ua/static/images/prod_img/1/6/B0002516_big.jpg ... ok
7 - 7 | http://brain.com.ua/static/images/prod_img/3/1/S0008331_big.jpg ... ok
8 - 8 | http://brain.com.ua/static/images/prod_img/3/1/A0000231_big.jpg ... ok
9 - 9 | http://brain.com.ua/static/images/prod_img/0/8/KM18208_big.jpg ... ok
10 - 11 | http://brain.com.ua/static/images/prod_img/8/5/27585_big.jpg ... ok
11 - 12 | http://brain.com.ua/static/images/prod_img/3/9/13239_big.jpg ... ok
12 - 13 | http://brain.com.ua/static/images/prod_img/4/4/12144_big.jpg ... ok
13 - 14 | http://brain.com.ua/static/images/prod_img/3/5/33235_big.jpg ... ok
14 - 15 | http://brain.com.ua/static/images/prod_img/3/0/18830_big.jpg ... ok
15 - 16 | http://brain.com.ua/static/images/prod_img/3/0/K0001830_big.jpg ... ok
16 - 17 | http://brain.com.ua/static/images/prod_img/4/4/4444_big.jpg ... ok
17 - 19 | http://brain.com.ua/static/images/prod_img/0/0/B0007100_big.jpg ... ok
18 - 20 | http://brain.com.ua/static/images/prod_img/8/1/28381_big.jpg ... ok
19 - 21 | http://brain.com.ua/static/images/prod_img/7/9/29579_big.jpg ... ok
20 - 23 | http://brain.com.ua/static/images/prod_img/6/6/ET00366_big.jpg ... ok
21 - 24 | http://brain.com.ua/static/images/prod_img/4/7/ET08547_big.jpg ... ok
22 - 25 | http://brain.com.ua/static/images/prod_img/4/7/ET07047_big.jpg ... ok
23 - 26 | http://brain.com.ua/static/images/prod_img/1/5/ET05815_big.jpg ... ok
24 - 27 | http://brain.com.ua/static/images/prod_img/3/3/ET01833_big.jpg ... ok
25 - 28 | http://brain.com.ua/static/images/prod_img/6/0/ET05560_big.jpg ... ok
26 - 29 | http://brain.com.ua/static/images/prod_img/0/8/ET00808_big.jpg ... ok
27 - 30 | http://brain.com.ua/static/images/prod_img/6/5/ET00365_big.jpg ... ok
28 - 31 | http://brain.com.ua/static/images/prod_img/4/1/K0002041_big.jpg ... ok
29 - 32 | http://brain.com.ua/static/images/prod_img/8/5/K0001985_big.jpg ... ok
30 - 33 | http://brain.com.ua/static/images/prod_img/4/0/L010640_big.jpg ... ok
31 - 34 | http://brain.com.ua/static/images/prod_img/0/5/B0001005_big.jpg ... ok
32 - 35 | http://brain.com.ua/static/images/prod_img/9/0/B0000990_big.jpg ... ok
33 - 36 | http://brain.com.ua/static/images/prod_img/9/3/B0000993_big.jpg ... ok
34 - 37 | http://brain.com.ua/static/images/prod_img/5/3/S0004653_big.jpg ... ok
35 - 38 | http://brain.com.ua/static/images/prod_img/4/3/S0009143_big.jpg ... ok
36 - 39 | http://brain.com.ua/static/images/prod_img/9/2/B0000992_big.jpg ... ok
37 - 40 | http://brain.com.ua/static/images/prod_img/9/0/B0003090_big.jpg ... ok
38 - 41 | http://brain.com.ua/static/images/prod_img/4/4/U0002444_big.jpg ... ok
39 - 42 | http://brain.com.ua/static/images/prod_img/1/0/B0003310_big.jpg ... ok
40 - 43 | http://brain.com.ua/static/images/prod_img/7/2/U0001472_big.jpg ... ok
41 - 46 | http://brain.com.ua/static/images/prod_img/0/4/S0014004_big.jpg ... ok
42 - 47 | http://brain.com.ua/static/images/prod_img/1/7/U0001217_big.jpg ... ok
43 - 48 | http://brain.com.ua/static/images/prod_img/8/1/S0014281_big.jpg ... ok
44 - 49 | http://brain.com.ua/static/images/prod_img/7/8/B0004778_big.jpg ... ok
45 - 50 | http://brain.com.ua/static/images/prod_img/8/0/B0004280_big.jpg ... ok
46 - 51 | http://brain.com.ua/static/images/prod_img/0/8/B0001208_big.jpg ... ok
47 - 52 | http://brain.com.ua/static/images/prod_img/0/7/B0001207_big.jpg ... ok
48 - 53 | http://brain.com.ua/static/images/prod_img/0/9/B0001209_big.jpg ... ok
49 - 54 | http://brain.com.ua/static/images/prod_img/3/2/ET09832_big.jpg ... ok
50 - 55 | http://brain.com.ua/static/images/prod_img/3/3/ET09833_big.jpg ... ok
51 - 56 | http://brain.com.ua/static/images/prod_img/3/4/ET09834_big.jpg ... ok
52 - 57 | http://brain.com.ua/static/images/prod_img/8/2/ET09582_big.jpg ... ok
53 - 60 | http://brain.com.ua/static/images/prod_img/3/6/ET04936_big.jpg ... ok
54 - 61 | http://brain.com.ua/static/images/prod_img/5/7/ET07257_big.jpg ... ok
55 - 62 | http://brain.com.ua/static/images/prod_img/0/4/ET09604_big.jpg ... ok
56 - 70 | http://brain.com.ua/static/images/prod_img/1/3/ET09613_big.jpg ... ok
57 - 71 | http://brain.com.ua/static/images/prod_img/3/5/ET09035_big.jpg ... ok
58 - 79 | http://brain.com.ua/static/images/prod_img/2/6/KM06226_big.jpg ... ok
59 - 80 | http://brain.com.ua/static/images/prod_img/4/4/KM09044_big.jpg ... ok
60 - 82 | http://brain.com.ua/static/images/prod_img/7/4/S0007074_big.jpg ... ok
61 - 83 | http://brain.com.ua/static/images/prod_img/5/9/S0005659_big.jpg ... ok
62 - 84 | http://brain.com.ua/static/images/prod_img/8/6/S0002886_big.jpg ... ok
63 - 85 | http://brain.com.ua/static/images/prod_img/2/8/KM06228_big.jpg ... ok
64 - 86 | http://brain.com.ua/static/images/prod_img/7/3/S0007073_big.jpg ... ok
65 - 87 | http://brain.com.ua/static/images/prod_img/6/1/S0004561_big.jpg ... ok
66 - 88 | http://brain.com.ua/static/images/prod_img/7/2/S0007072_big.jpg ... ok
67 - 89 | http://brain.com.ua/static/images/prod_img/7/5/S0007075_big.jpg ... ok
68 - 90 | http://brain.com.ua/static/images/prod_img/8/1/B0004781_big.jpg ... ok
69 - 91 | http://brain.com.ua/static/images/prod_img/8/2/B0004782_big.jpg ... ok
70 - 92 | http://brain.com.ua/static/images/prod_img/1/8/B0004818_big.jpg ... ok
71 - 94 | http://brain.com.ua/static/images/prod_img/6/5/U0001065_big.jpg ... ok
72 - 95 | http://brain.com.ua/static/images/prod_img/0/8/U0000708_big.jpg ... ok
73 - 96 | http://brain.com.ua/static/images/prod_img/0/2/B0003602_big.jpg ... ok
74 - 98 | http://brain.com.ua/static/images/prod_img/0/1/B0003601_big.jpg ... ok
75 - 99 | http://brain.com.ua/static/images/prod_img/3/2/U0000832_big.jpg ... ok
76 - 100 | http://brain.com.ua/static/images/prod_img/4/0/B0017440_big.jpg ... ok
77 - 101 | http://brain.com.ua/static/images/prod_img/0/7/U0000707_big.jpg ... ok
78 - 102 | http://brain.com.ua/static/images/prod_img/9/4/S0005094_big.jpg ... ok
79 - 103 | http://brain.com.ua/static/images/prod_img/9/7/B0002797_big.jpg ... ok
80 - 106 | http://brain.com.ua/static/images/prod_img/0/9/B0002809_big.jpg ... ok
81 - 107 | http://brain.com.ua/static/images/prod_img/1/1/B0002811_big.jpg ... ok
82 - 108 | http://brain.com.ua/static/images/prod_img/1/4/B0002814_big.jpg ... ok
83 - 109 | http://brain.com.ua/static/images/prod_img/1/6/B0002816_big.jpg ... ok
84 - 110 | http://brain.com.ua/static/images/prod_img/8/5/B0002785_big.jpg ... ok
85 - 111 | http://brain.com.ua/static/images/prod_img/8/7/B0002787_big.jpg ... ok
86 - 112 | http://brain.com.ua/static/images/prod_img/9/0/B0002790_big.jpg ... ok
87 - 113 | http://brain.com.ua/static/images/prod_img/9/1/B0002791_big.jpg ... ok
88 - 114 | http://brain.com.ua/static/images/prod_img/9/0/KM14790_big.jpg ... ok
89 - 115 | http://brain.com.ua/static/images/prod_img/0/9/S0010109_big.jpg ... ok
90 - 116 | http://brain.com.ua/static/images/prod_img/8/2/S0004682_big.jpg ... ok
91 - 117 | http://brain.com.ua/static/images/prod_img/8/3/S0004683_big.jpg ... ok
92 - 118 | http://brain.com.ua/static/images/prod_img/8/4/S0004684_big.jpg ... ok
93 - 120 | http://brain.com.ua/static/images/prod_img/1/8/KM05218_big.jpg ... ok
94 - 125 | http://brain.com.ua/static/images/prod_img/2/2/KM05222_big.jpg ... ok
95 - 126 | http://brain.com.ua/static/images/prod_img/2/3/KM05223_big.jpg ... ok
96 - 127 | http://brain.com.ua/static/images/prod_img/9/3/B0002593_big.jpg ... ok
97 - 128 | http://brain.com.ua/static/images/prod_img/6/7/S0003567_big.jpg ... ok
98 - 130 | http://brain.com.ua/static/images/prod_img/5/3/B0005853_big.jpg ... ok
99 - 131 | http://brain.com.ua/static/images/prod_img/0/9/B0002509_big.jpg ... ok
100 - 132 | http://brain.com.ua/static/images/prod_img/7/7/S0007077_big.jpg ... ok
101 - 133 | http://brain.com.ua/static/images/prod_img/7/6/S0007076_big.jpg ... ok
102 - 134 | http://brain.com.ua/static/images/prod_img/2/8/S0010228_big.jpg ... ok
103 - 135 | http://brain.com.ua/static/images/prod_img/6/6/B0001866_big.jpg ... ok
104 - 136 | http://brain.com.ua/static/images/prod_img/6/8/B0001868_big.jpg ... ok
105 - 137 | http://brain.com.ua/static/images/prod_img/9/3/S0002793_big.jpg ... ok
106 - 138 | http://brain.com.ua/static/images/prod_img/0/9/KM16609_big.jpg ... ok
107 - 139 | http://brain.com.ua/static/images/prod_img/7/3/B0001873_big.jpg ... ok
108 - 140 | http://brain.com.ua/static/images/prod_img/6/4/S0002664_big.jpg ... ok
109 - 141 | http://brain.com.ua/static/images/prod_img/6/1/S0010261_big.jpg ... ok
110 - 142 | http://brain.com.ua/static/images/prod_img/6/2/S0010262_big.jpg ... ok
111 - 143 | http://brain.com.ua/static/images/prod_img/2/1/S0010221_big.jpg ... ok
112 - 144 | http://brain.com.ua/static/images/prod_img/1/0/S0009010_big.jpg ... ok
113 - 145 | http://brain.com.ua/static/images/prod_img/7/6/KM13976_big.jpg ... ok
114 - 146 | http://brain.com.ua/static/images/prod_img/8/7/S0003687_big.jpg ... ok
115 - 149 | http://brain.com.ua/static/images/prod_img/6/7/KM17267_big.jpg ... ok
116 - 150 | http://brain.com.ua/static/images/prod_img/6/1/KM13061_big.jpg ... ok
117 - 151 | http://brain.com.ua/static/images/prod_img/9/2/S0006292_big.jpg ... ok
118 - 152 | http://brain.com.ua/static/images/prod_img/9/3/S0006293_big.jpg ... ok
119 - 154 | http://brain.com.ua/static/images/prod_img/6/1/B0001761_big.jpg ... ok
120 - 155 | http://brain.com.ua/static/images/prod_img/9/4/S0006294_big.jpg ... ok
121 - 156 | http://brain.com.ua/static/images/prod_img/4/8/B0004848_big.jpg ... ok
122 - 157 | http://brain.com.ua/static/images/prod_img/4/7/B0004847_big.jpg ... ok
123 - 158 | http://brain.com.ua/static/images/prod_img/9/7/B0005197_big.jpg ... ok
124 - 161 | http://brain.com.ua/static/images/prod_img/4/4/B0004844_big.jpg ... ok
125 - 163 | http://brain.com.ua/static/images/prod_img/6/1/U0000561_big.jpg ... ok
126 - 164 | http://brain.com.ua/static/images/prod_img/0/0/B0008800_big.jpg ... ok
127 - 165 | http://brain.com.ua/static/images/prod_img/9/9/B0008799_big.jpg ... ok
128 - 166 | http://brain.com.ua/static/images/prod_img/4/5/B0008745_big.jpg ... ok
129 - 167 | http://brain.com.ua/static/images/prod_img/4/8/S0004648_big.jpg ... ok
130 - 168 | http://brain.com.ua/static/images/prod_img/4/2/S0002442_big.jpg ... ok
131 - 169 | http://brain.com.ua/static/images/prod_img/4/3/S0002443_big.jpg ... ok
132 - 170 | http://brain.com.ua/static/images/prod_img/8/4/S0004084_big.jpg ... ok
133 - 171 | http://brain.com.ua/static/images/prod_img/8/4/KM15484_big.jpg ... ok
134 - 172 | http://brain.com.ua/static/images/prod_img/4/0/S0005340_big.jpg ... ok
135 - 173 | http://brain.com.ua/static/images/prod_img/4/2/S0005342_big.jpg ... ok
136 - 174 | http://brain.com.ua/static/images/prod_img/0/7/S0006907_big.jpg ... ok
137 - 175 | http://brain.com.ua/static/images/prod_img/8/1/S0004981_big.jpg ... ok
138 - 176 | http://brain.com.ua/static/images/prod_img/8/9/S0008989_big.jpg ... ok
139 - 177 | http://brain.com.ua/static/images/prod_img/3/9/B0006439_big.jpg ... ok
140 - 178 | http://brain.com.ua/static/images/prod_img/3/8/B0006438_big.jpg ... ok
141 - 179 | http://brain.com.ua/static/images/prod_img/8/5/KM07385_big.jpg ... ok
142 - 180 | http://brain.com.ua/static/images/prod_img/5/9/KM000559_big.jpg ... ok
143 - 181 | http://brain.com.ua/static/images/prod_img/6/0/KM000560_big.jpg ... ok
144 - 182 | http://brain.com.ua/static/images/prod_img/6/2/KM000562_big.jpg ... ok
145 - 183 | http://brain.com.ua/static/images/prod_img/6/1/KM000561_big.jpg ... ok
146 - 184 | http://brain.com.ua/static/images/prod_img/5/4/KM11954_big.jpg ... ok
147 - 185 | http://brain.com.ua/static/images/prod_img/5/1/KM11951_big.jpg ... ok
148 - 186 | http://brain.com.ua/static/images/prod_img/6/0/KM11360_big.jpg ... ok
149 - 187 | http://brain.com.ua/static/images/prod_img/6/1/KM11361_big.jpg ... ok
150 - 188 | http://brain.com.ua/static/images/prod_img/6/3/KM11363_big.jpg ... ok
151 - 189 | http://brain.com.ua/static/images/prod_img/6/2/KM11362_big.jpg ... ok
152 - 190 | http://brain.com.ua/static/images/prod_img/6/1/S0008961_big.jpg ... ok
153 - 191 | http://brain.com.ua/static/images/prod_img/6/5/S0008965_big.jpg ... ok
154 - 192 | http://brain.com.ua/static/images/prod_img/6/7/S0008967_big.jpg ... ok
155 - 193 | http://brain.com.ua/static/images/prod_img/6/6/S0008966_big.jpg ... ok
156 - 194 | http://brain.com.ua/static/images/prod_img/5/2/S0001952_big.jpg ... ok
157 - 195 | http://brain.com.ua/static/images/prod_img/5/3/S0001953_big.jpg ... ok
158 - 196 | http://brain.com.ua/static/images/prod_img/5/5/S0001955_big.jpg ... ok
159 - 197 | http://brain.com.ua/static/images/prod_img/5/4/S0001954_big.jpg ... ok
160 - 199 | http://brain.com.ua/static/images/prod_img/6/0/S0008960_big.jpg ... ok
161 - 200 | http://brain.com.ua/static/images/prod_img/6/2/S0008962_big.jpg ... ok
162 - 201 | http://brain.com.ua/static/images/prod_img/6/4/S0008964_big.jpg ... ok
163 - 202 | http://brain.com.ua/static/images/prod_img/6/3/S0008963_big.jpg ... ok
164 - 203 | http://brain.com.ua/static/images/prod_img/3/0/14530_big.jpg ... ok
165 - 204 | http://brain.com.ua/static/images/prod_img/2/1/19921_big.jpg ... ok
166 - 205 | http://brain.com.ua/static/images/prod_img/2/2/19922_big.jpg ... ok
167 - 206 | http://brain.com.ua/static/images/prod_img/2/3/19923_big.jpg ... ok
168 - 207 | http://brain.com.ua/static/images/prod_img/5/5/7155_big.jpg ... ok
169 - 208 | http://brain.com.ua/static/images/prod_img/9/9/34299_big.jpg ... ok
170 - 209 | http://brain.com.ua/static/images/prod_img/4/8/KM06548_big.jpg ... ok
171 - 210 | http://brain.com.ua/static/images/prod_img/7/0/KM17270_big.jpg ... ok
172 - 211 | http://brain.com.ua/static/images/prod_img/0/1/34301_big.jpg ... ok
173 - 212 | http://brain.com.ua/static/images/prod_img/7/1/KM17271_big.jpg ... ok
174 - 213 | http://brain.com.ua/static/images/prod_img/9/2/15592_big.jpg ... ok
175 - 215 | http://brain.com.ua/static/images/prod_img/9/3/15593_big.jpg ... ok
176 - 216 | http://brain.com.ua/static/images/prod_img/4/8/3748_big.jpg ... ok
177 - 217 | http://brain.com.ua/static/images/prod_img/4/6/3746_big.jpg ... ok
178 - 218 | http://brain.com.ua/static/images/prod_img/1/8/418_big.jpg ... ok
179 - 219 | http://brain.com.ua/static/images/prod_img/9/1/16691_big.jpg ... ok
180 - 221 | http://brain.com.ua/static/images/prod_img/9/0/16690_big.jpg ... ok
181 - 222 | http://brain.com.ua/static/images/prod_img/5/8/18158_big.jpg ... ok
182 - 223 | http://brain.com.ua/static/images/prod_img/0/3/KM12903_big.jpg ... ok
183 - 224 | http://brain.com.ua/static/images/prod_img/7/6/30076_big.jpg ... ok
184 - 225 | http://brain.com.ua/static/images/prod_img/7/0/12270_big.jpg ... ok
185 - 226 | http://brain.com.ua/static/images/prod_img/2/3/16323_big.jpg ... ok
186 - 227 | http://brain.com.ua/static/images/prod_img/2/8/S0002128_big.jpg ... ok
187 - 228 | http://brain.com.ua/static/images/prod_img/3/8/KM08138_big.jpg ... ok
188 - 229 | http://brain.com.ua/static/images/prod_img/3/4/KM10334_big.jpg ... ok
189 - 230 | http://brain.com.ua/static/images/prod_img/3/6/4736_big.jpg ... ok
190 - 231 | http://brain.com.ua/static/images/prod_img/3/5/KM10335_big.jpg ... ok
191 - 232 | http://brain.com.ua/static/images/prod_img/3/6/KM10336_big.jpg ... ok
192 - 233 | http://brain.com.ua/static/images/prod_img/3/7/KM10337_big.jpg ... ok
193 - 234 | http://brain.com.ua/static/images/prod_img/8/0/KM12980_big.jpg ... ok
194 - 235 | http://brain.com.ua/static/images/prod_img/5/9/S0007859_big.jpg ... ok
195 - 236 | http://brain.com.ua/static/images/prod_img/9/6/KM13696_big.jpg ... ok
196 - 237 | http://brain.com.ua/static/images/prod_img/8/8/S0005288_big.jpg ... ok
197 - 238 | http://brain.com.ua/static/images/prod_img/8/9/S0005289_big.jpg ... ok
198 - 239 | http://brain.com.ua/static/images/prod_img/9/8/S0007198_big.jpg ... ok
199 - 240 | http://brain.com.ua/static/images/prod_img/1/6/S0007216_big.jpg ... ok
200 - 241 | http://brain.com.ua/static/images/prod_img/2/7/S0007227_big.jpg ... ok
201 - 242 | http://brain.com.ua/static/images/prod_img/2/8/S0007228_big.jpg ... ok
202 - 243 | http://brain.com.ua/static/images/prod_img/5/3/K0000853_big.jpg ... ok
203 - 244 | http://brain.com.ua/static/images/prod_img/7/9/31579_big.jpg ... ok
204 - 245 | http://brain.com.ua/static/images/prod_img/7/7/31577_big.jpg ... ok
205 - 246 | http://brain.com.ua/static/images/prod_img/6/3/K0003263_big.jpg ... ok
206 - 247 | http://brain.com.ua/static/images/prod_img/8/0/31580_big.jpg ... ok
207 - 248 | http://brain.com.ua/static/images/prod_img/7/8/31578_big.jpg ... ok
208 - 249 | http://brain.com.ua/static/images/prod_img/8/0/KM02180_big.jpg ... ok
209 - 250 | http://brain.com.ua/static/images/prod_img/9/5/KM08595_big.jpg ... ok
210 - 251 | http://brain.com.ua/static/images/prod_img/5/8/KM12258_big.jpg ... ok
211 - 252 | http://brain.com.ua/static/images/prod_img/9/3/KM08593_big.jpg ... ok
212 - 253 | http://brain.com.ua/static/images/prod_img/4/2/S0001742_big.jpg ... ok
213 - 254 | http://brain.com.ua/static/images/prod_img/2/7/KM01727_big.jpg ... ok
214 - 255 | http://brain.com.ua/static/images/prod_img/8/2/KM14182_big.jpg ... ok
215 - 256 | http://brain.com.ua/static/images/prod_img/2/8/KM01728_big.jpg ... ok
216 - 257 | http://brain.com.ua/static/images/prod_img/2/9/KM01729_big.jpg ... ok
217 - 258 | http://brain.com.ua/static/images/prod_img/3/0/KM01730_big.jpg ... ok
218 - 259 | http://brain.com.ua/static/images/prod_img/3/1/KM01731_big.jpg ... ok
219 - 260 | http://brain.com.ua/static/images/prod_img/3/2/KM01732_big.jpg ... ok
220 - 261 | http://brain.com.ua/static/images/prod_img/7/2/KM14172_big.jpg ... ok
221 - 262 | http://brain.com.ua/static/images/prod_img/7/6/KM14176_big.jpg ... ok
222 - 263 | http://brain.com.ua/static/images/prod_img/7/7/KM14177_big.jpg ... ok
223 - 264 | http://brain.com.ua/static/images/prod_img/7/8/KM14178_big.jpg ... ok
224 - 265 | http://brain.com.ua/static/images/prod_img/7/5/KM14175_big.jpg ... ok
225 - 266 | http://brain.com.ua/static/images/prod_img/7/9/KM14179_big.jpg ... ok
226 - 267 | http://brain.com.ua/static/images/prod_img/0/7/S0003807_big.jpg ... ok
227 - 268 | http://brain.com.ua/static/images/prod_img/5/9/S0003059_big.jpg ... ok
228 - 269 | http://brain.com.ua/static/images/prod_img/6/0/S0003060_big.jpg ... ok
229 - 270 | http://brain.com.ua/static/images/prod_img/6/1/S0003061_big.jpg ... ok
230 - 271 | http://brain.com.ua/static/images/prod_img/6/2/S0003062_big.jpg ... ok
231 - 272 | http://brain.com.ua/static/images/prod_img/4/4/KM16944_big.jpg ... ok
232 - 273 | http://brain.com.ua/static/images/prod_img/4/5/KM16945_big.jpg ... ok
233 - 274 | http://brain.com.ua/static/images/prod_img/4/6/KM16946_big.jpg ... ok
234 - 276 | http://brain.com.ua/static/images/prod_img/7/2/KM09172_big.jpg ... ok
235 - 277 | http://brain.com.ua/static/images/prod_img/1/3/B0000413_big.jpg ... ok
236 - 278 | http://brain.com.ua/static/images/prod_img/5/7/S0005557_big.jpg ... ok
237 - 279 | http://brain.com.ua/static/images/prod_img/2/3/KM09323_big.jpg ... ok
238 - 281 | http://brain.com.ua/static/images/prod_img/6/1/S0005761_big.jpg ... ok
239 - 282 | http://brain.com.ua/static/images/prod_img/2/3/S0001923_big.jpg ... ok
240 - 283 | http://brain.com.ua/static/images/prod_img/5/5/KM16855_big.jpg ... ok
241 - 284 | http://brain.com.ua/static/images/prod_img/5/1/K0005651_big.jpg ... ok
242 - 285 | http://brain.com.ua/static/images/prod_img/5/0/K0005650_big.jpg ... ok
243 - 286 | http://brain.com.ua/static/images/prod_img/6/9/S0004469_big.jpg ... ok
244 - 287 | http://brain.com.ua/static/images/prod_img/5/6/KM12956_big.jpg ... ok
245 - 288 | http://brain.com.ua/static/images/prod_img/8/8/22688_big.jpg ... ok
246 - 290 | http://brain.com.ua/static/images/prod_img/6/0/3560_big.jpg ... ok
247 - 291 | http://brain.com.ua/static/images/prod_img/5/0/10150_big.jpg ... ok
248 - 292 | http://brain.com.ua/static/images/prod_img/4/3/23743_big.jpg ... ok
249 - 293 | http://brain.com.ua/static/images/prod_img/9/9/18899_big.jpg ... ok
250 - 294 | http://brain.com.ua/static/images/prod_img/3/0/19430_big.jpg ... ok
251 - 295 | http://brain.com.ua/static/images/prod_img/8/8/29588_big.jpg ... ok
252 - 296 | http://brain.com.ua/static/images/prod_img/8/9/29589_big.jpg ... ok
253 - 297 | http://brain.com.ua/static/images/prod_img/2/2/KM06222_big.jpg ... ok
254 - 298 | http://brain.com.ua/static/images/prod_img/3/9/E8139_big.jpg ... ok
255 - 299 | http://brain.com.ua/static/images/prod_img/1/7/L0002417_big.jpg ... ok
256 - 300 | http://brain.com.ua/static/images/prod_img/6/1/29961_big.jpg ... ok
257 - 301 | http://brain.com.ua/static/images/prod_img/1/0/410_big.jpg ... ok
258 - 305 | http://brain.com.ua/static/images/prod_img/8/6/B0007586_big.jpg ... ok
259 - 307 | http://brain.com.ua/static/images/prod_img/7/7/26577_big.jpg ...